<?xml version="1.0" ?>
<!DOCTYPE coverage SYSTEM "http://cobertura.sourceforge.net/xml/coverage-04.dtd">
<coverage lines-valid="35" lines-covered="19" line-rate="0.5428999999999999" branches-valid="12" branches-covered="2" branch-rate="0.16670000000000001" timestamp="1623853744512" complexity="0" version="0.1">
  <sources>
    <source>D:\work\react-my-groups</source>
  </sources>
  <packages>
    <class name="ListLayout.tsx" filename="src\webparts\reactMyGroups\components\ListLayout\ListLayout.tsx" line-rate="0.5428999999999999" branch-rate="0.16670000000000001">
      <methods>
        <method name="(anonymous_6)" hits="1" signature="()V">
          <lines>
            <line number="19" hits="1"/>
          </lines>
        </method>
        <method name="ListLayout" hits="1" signature="()V">
          <lines>
            <line number="20" hits="1"/>
          </lines>
        </method>
        <method name="(anonymous_8)" hits="1" signature="()V">
          <lines>
            <line number="50" hits="1"/>
          </lines>
        </method>
        <method name="(anonymous_9)" hits="0" signature="()V">
          <lines>
            <line number="53" hits="0"/>
          </lines>
        </method>
        <method name="(anonymous_10)" hits="0" signature="()V">
          <lines>
            <line number="69" hits="0"/>
          </lines>
        </method>
        <method name="(anonymous_11)" hits="0" signature="()V">
          <lines>
            <line number="73" hits="0"/>
          </lines>
        </method>
        <method name="(anonymous_12)" hits="1" signature="()V">
          <lines>
            <line number="31" hits="1"/>
          </lines>
        </method>
      </methods>
      <lines>
        <line number="1" hits="1" branch="false"/>
        <line number="2" hits="1" branch="false"/>
        <line number="5" hits="1" branch="false"/>
        <line number="6" hits="1" branch="false"/>
        <line number="12" hits="1" branch="false"/>
        <line number="13" hits="1" branch="false"/>
        <line number="14" hits="1" branch="false"/>
        <line number="15" hits="1" branch="false"/>
        <line number="16" hits="1" branch="false"/>
        <line number="19" hits="1" branch="false"/>
        <line number="21" hits="1" branch="true" condition-coverage="100% (2/2)"/>
        <line number="22" hits="1" branch="false"/>
        <line number="31" hits="1" branch="false"/>
        <line number="33" hits="1" branch="false"/>
        <line number="50" hits="1" branch="false"/>
        <line number="53" hits="1" branch="false"/>
        <line number="54" hits="0" branch="true" condition-coverage="0% (0/2)"/>
        <line number="55" hits="0" branch="false"/>
        <line number="56" hits="0" branch="true" condition-coverage="0% (0/2)"/>
        <line number="57" hits="0" branch="false"/>
        <line number="58" hits="0" branch="false"/>
        <line number="60" hits="0" branch="false"/>
        <line number="61" hits="0" branch="false"/>
        <line number="62" hits="0" branch="false"/>
        <line number="66" hits="0" branch="false"/>
        <line number="69" hits="1" branch="false"/>
        <line number="70" hits="0" branch="false"/>
        <line number="73" hits="1" branch="false"/>
        <line number="75" hits="0" branch="false"/>
        <line number="76" hits="0" branch="true" condition-coverage="0% (0/4)"/>
        <line number="77" hits="0" branch="false"/>
        <line number="78" hits="0" branch="true" condition-coverage="0% (0/2)"/>
        <line number="79" hits="0" branch="false"/>
        <line number="80" hits="0" branch="false"/>
        <line number="92" hits="1" branch="false"/>
      </lines>
    </class>
  </packages>
</coverage>
