{"D:\\Work\\react-my-groups\\src\\webparts\\reactMyGroups\\components\\ListLayout\\ListLayout.tsx": {"path":"D:\\Work\\react-my-groups\\src\\webparts\\reactMyGroups\\components\\ListLayout\\ListLayout.tsx","statementMap":{"0":{"start":{"line":1,"column":0},"end":{"line":1,"column":30}},"1":{"start":{"line":2,"column":0},"end":{"line":2,"column":45}},"2":{"start":{"line":5,"column":0},"end":{"line":5,"column":64}},"3":{"start":{"line":6,"column":0},"end":{"line":6,"column":54}},"4":{"start":{"line":12,"column":30},"end":{"line":12,"column":49}},"5":{"start":{"line":13,"column":31},"end":{"line":13,"column":47}},"6":{"start":{"line":14,"column":24},"end":{"line":14,"column":39}},"7":{"start":{"line":15,"column":26},"end":{"line":15,"column":42}},"8":{"start":{"line":16,"column":34},"end":{"line":16,"column":58}},"9":{"start":{"line":19,"column":0},"end":{"line":19,"column":47}},"10":{"start":{"line":19,"column":32},"end":{"line":19,"column":83}},"11":{"start":{"line":21,"column":4},"end":{"line":21,"column":16}},"12":{"start":{"line":50,"column":9},"end":{"line":51,"column":3}},"13":{"start":{"line":53,"column":10},"end":{"line":67,"column":3}},"14":{"start":{"line":54,"column":4},"end":{"line":64,"column":5}},"15":{"start":{"line":55,"column":6},"end":{"line":55,"column":62}},"16":{"start":{"line":56,"column":6},"end":{"line":63,"column":7}},"17":{"start":{"line":57,"column":8},"end":{"line":57,"column":30}},"18":{"start":{"line":58,"column":8},"end":{"line":58,"column":46}},"19":{"start":{"line":60,"column":8},"end":{"line":60,"column":76}},"20":{"start":{"line":61,"column":8},"end":{"line":61,"column":141}},"21":{"start":{"line":62,"column":8},"end":{"line":62,"column":44}},"22":{"start":{"line":66,"column":4},"end":{"line":66,"column":45}},"23":{"start":{"line":69,"column":10},"end":{"line":71,"column":3}},"24":{"start":{"line":70,"column":4},"end":{"line":70,"column":43}},"25":{"start":{"line":73,"column":10},"end":{"line":91,"column":3}},"26":{"start":{"line":75,"column":31},"end":{"line":75,"column":46}},"27":{"start":{"line":76,"column":32},"end":{"line":76,"column":111}},"28":{"start":{"line":77,"column":29},"end":{"line":77,"column":82}},"29":{"start":{"line":78,"column":30},"end":{"line":78,"column":99}},"30":{"start":{"line":79,"column":22},"end":{"line":79,"column":48}},"31":{"start":{"line":80,"column":4},"end":{"line":90,"column":6}},"32":{"start":{"line":22,"column":4},"end":{"line":24,"column":6}},"33":{"start":{"line":31,"column":9},"end":{"line":48,"column":3}},"34":{"start":{"line":33,"column":4},"end":{"line":47,"column":6}},"35":{"start":{"line":92,"column":0},"end":{"line":92,"column":1}},"36":{"start":{"line":19,"column":13},"end":{"line":19,"column":23}}},"fnMap":{"0":{"name":"(anonymous_6)","decl":{"start":{"line":19,"column":0},"end":{"line":null,"column":-1}},"loc":{"start":{"line":19,"column":0},"end":{"line":19,"column":-1}}},"1":{"name":"ListLayout","decl":{"start":{"line":20,"column":2},"end":{"line":20,"column":13}},"loc":{"start":{"line":20,"column":37},"end":{"line":25,"column":3}}},"2":{"name":"(anonymous_8)","decl":{"start":{"line":50,"column":29},"end":{"line":null,"column":-1}},"loc":{"start":{"line":50,"column":29},"end":{"line":51,"column":3}}},"3":{"name":"(anonymous_9)","decl":{"start":{"line":53,"column":33},"end":{"line":53,"column":33}},"loc":{"start":{"line":53,"column":76},"end":{"line":67,"column":3}}},"4":{"name":"(anonymous_10)","decl":{"start":{"line":69,"column":27},"end":{"line":null,"column":-1}},"loc":{"start":{"line":69,"column":27},"end":{"line":71,"column":3}}},"5":{"name":"(anonymous_11)","decl":{"start":{"line":73,"column":26},"end":{"line":73,"column":26}},"loc":{"start":{"line":73,"column":63},"end":{"line":91,"column":3}}},"6":{"name":"(anonymous_12)","decl":{"start":{"line":31,"column":2},"end":{"line":null,"column":-1}},"loc":{"start":{"line":31,"column":2},"end":{"line":48,"column":3}}}},"branchMap":{"0":{"loc":{"start":{"line":21,"column":4},"end":{"line":21,"column":16}},"type":"binary-expr","locations":[{"start":{"line":21,"column":4},"end":{"line":21,"column":16}},{"start":{"line":21,"column":16},"end":{"line":25,"column":2}}]},"1":{"loc":{"start":{"line":54,"column":4},"end":{"line":64,"column":5}},"type":"if","locations":[{"start":{"line":54,"column":4},"end":{"line":64,"column":5}},{"start":{"line":54,"column":4},"end":{"line":64,"column":5}}]},"2":{"loc":{"start":{"line":56,"column":6},"end":{"line":63,"column":7}},"type":"if","locations":[{"start":{"line":56,"column":6},"end":{"line":63,"column":7}},{"start":{"line":56,"column":6},"end":{"line":63,"column":7}}]},"3":{"loc":{"start":{"line":76,"column":100},"end":{"line":76,"column":107}},"type":"cond-expr","locations":[{"start":{"line":76,"column":100},"end":{"line":76,"column":107}},{"start":{"line":76,"column":110},"end":{"line":76,"column":111}}]},"4":{"loc":{"start":{"line":76,"column":32},"end":{"line":76,"column":83}},"type":"binary-expr","locations":[{"start":{"line":76,"column":32},"end":{"line":76,"column":83}},{"start":{"line":76,"column":87},"end":{"line":76,"column":97}}]},"5":{"loc":{"start":{"line":78,"column":42},"end":{"line":78,"column":69}},"type":"cond-expr","locations":[{"start":{"line":78,"column":42},"end":{"line":78,"column":69}},{"start":{"line":78,"column":72},"end":{"line":78,"column":99}}]}},"s":{"0":1,"1":1,"2":1,"3":1,"4":1,"5":1,"6":1,"7":1,"8":1,"9":1,"10":1,"11":1,"12":1,"13":1,"14":0,"15":0,"16":0,"17":0,"18":0,"19":0,"20":0,"21":0,"22":0,"23":1,"24":0,"25":1,"26":0,"27":0,"28":0,"29":0,"30":0,"31":0,"32":1,"33":1,"34":1,"35":1,"36":1},"f":{"0":1,"1":1,"2":1,"3":0,"4":0,"5":0,"6":1},"b":{"0":[1,1],"1":[0,0],"2":[0,0],"3":[0,0],"4":[0,0],"5":[0,0]}}
}
