TN:
SF:D:\Work\react-my-groups\src\webparts\reactMyGroups\components\ListLayout\ListLayout.tsx
FN:19,(anonymous_6)
FN:20,ListLayout
FN:50,(anonymous_8)
FN:53,(anonymous_9)
FN:69,(anonymous_10)
FN:73,(anonymous_11)
FN:31,(anonymous_12)
FNF:7
FNH:4
FNDA:1,(anonymous_6)
FNDA:1,ListLayout
FNDA:1,(anonymous_8)
FNDA:0,(anonymous_9)
FNDA:0,(anonymous_10)
FNDA:0,(anonymous_11)
FNDA:1,(anonymous_12)
DA:1,1
DA:2,1
DA:5,1
DA:6,1
DA:12,1
DA:13,1
DA:14,1
DA:15,1
DA:16,1
DA:19,1
DA:21,1
DA:22,1
DA:31,1
DA:33,1
DA:50,1
DA:53,1
DA:54,0
DA:55,0
DA:56,0
DA:57,0
DA:58,0
DA:60,0
DA:61,0
DA:62,0
DA:66,0
DA:69,1
DA:70,0
DA:73,1
DA:75,0
DA:76,0
DA:77,0
DA:78,0
DA:79,0
DA:80,0
DA:92,1
LF:35
LH:19
BRDA:21,0,0,1
BRDA:21,0,1,1
BRDA:54,1,0,0
BRDA:54,1,1,0
BRDA:56,2,0,0
BRDA:56,2,1,0
BRDA:76,3,0,0
BRDA:76,3,1,0
BRDA:76,4,0,0
BRDA:76,4,1,0
BRDA:78,5,0,0
BRDA:78,5,1,0
BRF:12
BRH:2
end_of_record
